<?xml version="1.0" encoding="UTF-8"?>
<!-- Generated by org.testng.reporters.JUnitReportReporter -->
<testsuite name="com.test.automation.MastekBlanketPOM.login.TC001_Login" tests="1" time="1.241" ignored="0" failures="0" timestamp="28 Jul 2017 09:03:01 GMT" skipped="0" hostname="IND-MHP1DW70286" errors="0">
  <testcase name="login" time="1.241" classname="com.test.automation.MastekBlanketPOM.login.TC001_Login"/>
</testsuite> <!-- com.test.automation.MastekBlanketPOM.login.TC001_Login -->
